#
# An unexpected error has been detected by Java Runtime Environment:
#
#  EXCEPTION_ACCESS_VIOLATION (0xc0000005) at pc=0x6d10182f, pid=3856, tid=2032
#
# Java VM: Java HotSpot(TM) Client VM (1.6.0_02-b06 mixed mode, sharing)
# Problematic frame:
# C  [awt.dll+0x10182f]
#
# If you would like to submit a bug report, please visit:
#   http://java.sun.com/webapps/bugreport/crash.jsp
#

---------------  T H R E A D  ---------------

Current thread (0x02a9e400):  JavaThread "AWT-Windows" daemon [_thread_in_native, id=2032]

siginfo: ExceptionCode=0xc0000005, reading address 0x00000076

Registers:
EAX=0x02a91ab0, EBX=0x00000111, ECX=0x02a91ab0, EDX=0x00000072
ESP=0x02f0f95c, EBP=0x00008008, ESI=0x03154d08, EDI=0x7c8114ab
EIP=0x6d10182f, EFLAGS=0x00010202

Top of Stack: (sp=0x02f0f95c)
0x02f0f95c:   6d104916 00008008 00000000 00000000
0x02f0f96c:   00008008 03154d08 02f0f9ec 00000111
0x02f0f97c:   00000001 02f0fa54 000f0110 02f0f9c0
0x02f0f98c:   00000000 02a9e4ec 02f0f9e0 6d13d588
0x02f0f99c:   00000000 6d12b59e 00000111 00008008
0x02f0f9ac:   00000000 02f0fa54 000f0110 00000000
0x02f0f9bc:   00000000 6d0fc228 00000111 00008008
0x02f0f9cc:   00000000 02f0fa54 6d0fc1d0 00000000 

Instructions: (pc=0x6d10182f)
0x6d10181f:   67 18 6d e8 49 64 02 00 85 c0 74 07 8b 10 8b c8
0x6d10182f:   ff 52 04 b8 02 00 00 00 c2 0c 00 50 e8 70 ee ff 


Stack: [0x02ec0000,0x02f10000),  sp=0x02f0f95c,  free space=318k
Native frames: (J=compiled Java code, j=interpreted, Vv=VM code, C=native code)
C  [awt.dll+0x10182f]

[error occurred during error reporting, step 120, id 0xc0000005]

Java frames: (J=compiled Java code, j=interpreted, Vv=VM code)
j  sun.awt.windows.WToolkit.eventLoop()V+0
j  sun.awt.windows.WToolkit.run()V+69
j  java.lang.Thread.run()V+11
v  ~StubRoutines::call_stub

---------------  P R O C E S S  ---------------

Java Threads: ( => current thread )
  0x031b3c00 JavaThread "TimerQueue" daemon [_thread_blocked, id=4028]
  0x00306000 JavaThread "DestroyJavaVM" [_thread_blocked, id=3116]
  0x0314d800 JavaThread "Timer-1" [_thread_blocked, id=3424]
  0x0314c800 JavaThread "Timer-0" [_thread_blocked, id=3300]
  0x03151400 JavaThread "Thread-2" [_thread_in_native, id=340]
  0x02b03c00 JavaThread "Image Fetcher 3" daemon [_thread_blocked, id=2988]
  0x02b02400 JavaThread "AWT-EventQueue-0" [_thread_blocked, id=3552]
=>0x02a9e400 JavaThread "AWT-Windows" daemon [_thread_in_native, id=2032]
  0x02a9d400 JavaThread "AWT-Shutdown" [_thread_blocked, id=3928]
  0x02a9c800 JavaThread "Java2D Disposer" daemon [_thread_blocked, id=952]
  0x02a5d000 JavaThread "Low Memory Detector" daemon [_thread_blocked, id=1804]
  0x02a59c00 JavaThread "CompilerThread0" daemon [_thread_blocked, id=3688]
  0x02a57000 JavaThread "Attach Listener" daemon [_thread_blocked, id=1816]
  0x02a56000 JavaThread "Signal Dispatcher" daemon [_thread_blocked, id=1664]
  0x02a4e400 JavaThread "Finalizer" daemon [_thread_blocked, id=3760]
  0x02a4d400 JavaThread "Reference Handler" daemon [_thread_blocked, id=3876]

Other Threads:
  0x02a44000 VMThread [id=2904]
  0x02a5e800 WatcherThread [id=980]

VM state:not at safepoint (normal execution)

VM Mutex/Monitor currently owned by a thread: None

Heap
 def new generation   total 960K, used 434K [0x228e0000, 0x229e0000, 0x22dc0000)
  eden space 896K,  41% used [0x228e0000, 0x2293c968, 0x229c0000)
  from space 64K, 100% used [0x229c0000, 0x229d0000, 0x229d0000)
  to   space 64K,   0% used [0x229d0000, 0x229d0000, 0x229e0000)
 tenured generation   total 4096K, used 1978K [0x22dc0000, 0x231c0000, 0x268e0000)
   the space 4096K,  48% used [0x22dc0000, 0x22fae900, 0x22faea00, 0x231c0000)
 compacting perm gen  total 12288K, used 768K [0x268e0000, 0x274e0000, 0x2a8e0000)
   the space 12288K,   6% used [0x268e0000, 0x269a0260, 0x269a0400, 0x274e0000)
    ro space 8192K,  62% used [0x2a8e0000, 0x2addf728, 0x2addf800, 0x2b0e0000)
    rw space 12288K,  52% used [0x2b0e0000, 0x2b721eb8, 0x2b722000, 0x2bce0000)

Dynamic libraries:
0x00400000 - 0x00434000 	C:\WINDOWS\system32\java.exe
0x7c900000 - 0x7c9b0000 	C:\WINDOWS\system32\ntdll.dll
0x7c800000 - 0x7c8f4000 	C:\WINDOWS\system32\kernel32.dll
0x77dd0000 - 0x77e6b000 	C:\WINDOWS\system32\ADVAPI32.dll
0x77e70000 - 0x77f01000 	C:\WINDOWS\system32\RPCRT4.dll
0x7c340000 - 0x7c396000 	C:\Program Files\Java\jre1.6.0_02\bin\msvcr71.dll
0x6d7c0000 - 0x6da09000 	C:\Program Files\Java\jre1.6.0_02\bin\client\jvm.dll
0x77d40000 - 0x77dd0000 	C:\WINDOWS\system32\USER32.dll
0x77f10000 - 0x77f56000 	C:\WINDOWS\system32\GDI32.dll
0x76b40000 - 0x76b6d000 	C:\WINDOWS\system32\WINMM.dll
0x6d310000 - 0x6d318000 	C:\Program Files\Java\jre1.6.0_02\bin\hpi.dll
0x76bf0000 - 0x76bfb000 	C:\WINDOWS\system32\PSAPI.DLL
0x6d770000 - 0x6d77c000 	C:\Program Files\Java\jre1.6.0_02\bin\verify.dll
0x6d3b0000 - 0x6d3cf000 	C:\Program Files\Java\jre1.6.0_02\bin\java.dll
0x6d7b0000 - 0x6d7bf000 	C:\Program Files\Java\jre1.6.0_02\bin\zip.dll
0x6d000000 - 0x6d1c3000 	C:\Program Files\Java\jre1.6.0_02\bin\awt.dll
0x73000000 - 0x73026000 	C:\WINDOWS\system32\WINSPOOL.DRV
0x77c10000 - 0x77c68000 	C:\WINDOWS\system32\msvcrt.dll
0x76390000 - 0x763ad000 	C:\WINDOWS\system32\IMM32.dll
0x774e0000 - 0x7761c000 	C:\WINDOWS\system32\ole32.dll
0x5ad70000 - 0x5ada8000 	C:\WINDOWS\system32\uxtheme.dll
0x73760000 - 0x737a9000 	C:\WINDOWS\system32\ddraw.dll
0x73bc0000 - 0x73bc6000 	C:\WINDOWS\system32\DCIMAN32.dll
0x74720000 - 0x7476b000 	C:\WINDOWS\system32\MSCTF.dll
0x7c9c0000 - 0x7d1d4000 	C:\WINDOWS\system32\shell32.dll
0x77f60000 - 0x77fd6000 	C:\WINDOWS\system32\SHLWAPI.dll
0x773d0000 - 0x774d2000 	C:\WINDOWS\WinSxS\x86_Microsoft.Windows.Common-Controls_6595b64144ccf1df_6.0.2600.2180_x-ww_a84f1ff9\comctl32.dll
0x5d090000 - 0x5d127000 	C:\WINDOWS\system32\comctl32.dll
0x6d2b0000 - 0x6d303000 	C:\Program Files\Java\jre1.6.0_02\bin\fontmanager.dll
0x77b40000 - 0x77b62000 	C:\WINDOWS\system32\Apphelp.dll
0x77c00000 - 0x77c08000 	C:\WINDOWS\system32\VERSION.dll
0x6d570000 - 0x6d583000 	C:\Program Files\Java\jre1.6.0_02\bin\net.dll
0x71ab0000 - 0x71ac7000 	C:\WINDOWS\system32\WS2_32.dll
0x71aa0000 - 0x71aa8000 	C:\WINDOWS\system32\WS2HELP.dll
0x71a50000 - 0x71a8f000 	C:\WINDOWS\System32\mswsock.dll
0x76f20000 - 0x76f47000 	C:\WINDOWS\system32\DNSAPI.dll
0x76d60000 - 0x76d79000 	C:\WINDOWS\system32\iphlpapi.dll
0x76fb0000 - 0x76fb8000 	C:\WINDOWS\System32\winrnr.dll
0x76f60000 - 0x76f8c000 	C:\WINDOWS\system32\WLDAP32.dll
0x76fc0000 - 0x76fc6000 	C:\WINDOWS\system32\rasadhlp.dll
0x6d590000 - 0x6d599000 	C:\Program Files\Java\jre1.6.0_02\bin\nio.dll
0x662b0000 - 0x66308000 	C:\WINDOWS\system32\hnetcfg.dll
0x71a90000 - 0x71a98000 	C:\WINDOWS\System32\wshtcpip.dll
0x6d3f0000 - 0x6d3fd000 	C:\Program Files\Java\jre1.6.0_02\bin\JdbcOdbc.dll
0x74320000 - 0x7435d000 	C:\WINDOWS\system32\ODBC32.dll
0x763b0000 - 0x763f9000 	C:\WINDOWS\system32\comdlg32.dll
0x20000000 - 0x20017000 	C:\WINDOWS\system32\odbcint.dll
0x4dd40000 - 0x4dd84000 	C:\WINDOWS\system32\odbcjt32.dll
0x1b000000 - 0x1b170000 	C:\WINDOWS\system32\msjet40.dll
0x1b5d0000 - 0x1b665000 	C:\WINDOWS\system32\mswstr10.dll
0x77120000 - 0x771ac000 	C:\WINDOWS\system32\OLEAUT32.dll
0x5d130000 - 0x5d13e000 	C:\WINDOWS\system32\odbcji32.dll
0x1b2c0000 - 0x1b2cd000 	C:\WINDOWS\system32\msjter40.dll
0x1b2d0000 - 0x1b2f6000 	C:\WINDOWS\system32\MSJINT40.DLL
0x77fe0000 - 0x77ff1000 	C:\WINDOWS\system32\Secur32.dll
0x08410000 - 0x086d5000 	C:\WINDOWS\system32\xpsp2res.dll

VM Arguments:
java_command: rootdesign
Launcher Type: SUN_STANDARD

Environment Variables:
CLASSPATH=.;C:\Program Files\Java\jdk1.6.0_02\jre\lib\rt.jar
PATH=C:\WINDOWS\system32;C:\WINDOWS;C:\WINDOWS\System32\Wbem;C:\Program Files\Microsoft SQL Server\80\Tools\Binn\;C:\Program Files\Microsoft SQL Server\90\DTS\Binn\;C:\Program Files\Microsoft SQL Server\90\Tools\binn\;C:\Program Files\Microsoft SQL Server\90\Tools\Binn\VSShell\Common7\IDE\;C:\Program Files\Microsoft Visual Studio 8\Common7\IDE\PrivateAssemblies\;C:\Program Files\Java\jdk1.6.0_02\bin
USERNAME=Administrator
OS=Windows_NT
PROCESSOR_IDENTIFIER=x86 Family 15 Model 4 Stepping 9, GenuineIntel



---------------  S Y S T E M  ---------------

OS: Windows XP Build 2600 Service Pack 2

CPU:total 2 (1 cores per cpu, 2 threads per core) family 15 model 4 stepping 9, cmov, cx8, fxsr, mmx, sse, sse2, sse3, ht

Memory: 4k page, physical 456528k(66684k free), swap 1080424k(610992k free)

vm_info: Java HotSpot(TM) Client VM (1.6.0_02-b06) for windows-x86, built on Jul 12 2007 01:16:14 by "java_re" with unknown MS VC++:1310

