#
# An unexpected error has been detected by Java Runtime Environment:
#
#  EXCEPTION_ACCESS_VIOLATION (0xc0000005) at pc=0x6d10182b, pid=2036, tid=2956
#
# Java VM: Java HotSpot(TM) Client VM (1.6.0_02-b06 mixed mode, sharing)
# Problematic frame:
# C  [awt.dll+0x10182b]
#
# If you would like to submit a bug report, please visit:
#   http://java.sun.com/webapps/bugreport/crash.jsp
#

---------------  T H R E A D  ---------------

Current thread (0x02a9e400):  JavaThread "AWT-Windows" daemon [_thread_in_native, id=2956]

siginfo: ExceptionCode=0xc0000005, reading address 0xffffffff

Registers:
EAX=0xffffffff, EBX=0x00000111, ECX=0x02f0f794, EDX=0x02a73ccc
ESP=0x02f0f75c, EBP=0x00008008, ESI=0x0318b958, EDI=0x7c8114ab
EIP=0x6d10182b, EFLAGS=0x00010286

Top of Stack: (sp=0x02f0f75c)
0x02f0f75c:   6d104916 00008008 00000000 00000000
0x02f0f76c:   00008008 0318b958 02f0f7ec 00000111
0x02f0f77c:   00000001 02f0f854 001500e2 02f0f7c0
0x02f0f78c:   00000000 02a9e4ec 02f0f7e0 6d13d588
0x02f0f79c:   00000000 6d12b59e 00000111 00008008
0x02f0f7ac:   00000000 02f0f854 001500e2 00000000
0x02f0f7bc:   00000000 6d0fc228 00000111 00008008
0x02f0f7cc:   00000000 02f0f854 6d0fc1d0 00000000 

Instructions: (pc=0x6d10182b)
0x6d10181b:   04 50 b9 70 67 18 6d e8 49 64 02 00 85 c0 74 07
0x6d10182b:   8b 10 8b c8 ff 52 04 b8 02 00 00 00 c2 0c 00 50 


Stack: [0x02ec0000,0x02f10000),  sp=0x02f0f75c,  free space=317k
Native frames: (J=compiled Java code, j=interpreted, Vv=VM code, C=native code)
C  [awt.dll+0x10182b]

[error occurred during error reporting, step 120, id 0xc0000005]

Java frames: (J=compiled Java code, j=interpreted, Vv=VM code)
j  sun.awt.windows.WToolkit.eventLoop()V+0
j  sun.awt.windows.WToolkit.run()V+69
j  java.lang.Thread.run()V+11
v  ~StubRoutines::call_stub

---------------  P R O C E S S  ---------------

Java Threads: ( => current thread )
  0x031a9800 JavaThread "TimerQueue" daemon [_thread_blocked, id=3448]
  0x00306000 JavaThread "DestroyJavaVM" [_thread_blocked, id=3068]
  0x02b02400 JavaThread "AWT-EventQueue-0" [_thread_blocked, id=592]
=>0x02a9e400 JavaThread "AWT-Windows" daemon [_thread_in_native, id=2956]
  0x02a9d400 JavaThread "AWT-Shutdown" [_thread_blocked, id=2680]
  0x02a9c800 JavaThread "Java2D Disposer" daemon [_thread_blocked, id=3108]
  0x02a5d000 JavaThread "Low Memory Detector" daemon [_thread_blocked, id=3100]
  0x02a58400 JavaThread "CompilerThread0" daemon [_thread_blocked, id=2764]
  0x02a57000 JavaThread "Attach Listener" daemon [_thread_blocked, id=768]
  0x02a56000 JavaThread "Signal Dispatcher" daemon [_thread_blocked, id=1440]
  0x02a51800 JavaThread "Finalizer" daemon [_thread_blocked, id=3088]
  0x02a4d400 JavaThread "Reference Handler" daemon [_thread_blocked, id=2016]

Other Threads:
  0x02a44000 VMThread [id=3072]
  0x02a5e800 WatcherThread [id=3104]

VM state:not at safepoint (normal execution)

VM Mutex/Monitor currently owned by a thread: None

Heap
 def new generation   total 960K, used 576K [0x228e0000, 0x229e0000, 0x22dc0000)
  eden space 896K,  57% used [0x228e0000, 0x229603c8, 0x229c0000)
  from space 64K, 100% used [0x229c0000, 0x229d0000, 0x229d0000)
  to   space 64K,   0% used [0x229d0000, 0x229d0000, 0x229e0000)
 tenured generation   total 4096K, used 1976K [0x22dc0000, 0x231c0000, 0x268e0000)
   the space 4096K,  48% used [0x22dc0000, 0x22fae2d0, 0x22fae400, 0x231c0000)
 compacting perm gen  total 12288K, used 761K [0x268e0000, 0x274e0000, 0x2a8e0000)
   the space 12288K,   6% used [0x268e0000, 0x2699e620, 0x2699e800, 0x274e0000)
    ro space 8192K,  62% used [0x2a8e0000, 0x2addf728, 0x2addf800, 0x2b0e0000)
    rw space 12288K,  52% used [0x2b0e0000, 0x2b721eb8, 0x2b722000, 0x2bce0000)

Dynamic libraries:
0x00400000 - 0x00434000 	C:\WINDOWS\system32\java.exe
0x7c900000 - 0x7c9b0000 	C:\WINDOWS\system32\ntdll.dll
0x7c800000 - 0x7c8f4000 	C:\WINDOWS\system32\kernel32.dll
0x77dd0000 - 0x77e6b000 	C:\WINDOWS\system32\ADVAPI32.dll
0x77e70000 - 0x77f01000 	C:\WINDOWS\system32\RPCRT4.dll
0x7c340000 - 0x7c396000 	C:\Program Files\Java\jre1.6.0_02\bin\msvcr71.dll
0x6d7c0000 - 0x6da09000 	C:\Program Files\Java\jre1.6.0_02\bin\client\jvm.dll
0x77d40000 - 0x77dd0000 	C:\WINDOWS\system32\USER32.dll
0x77f10000 - 0x77f56000 	C:\WINDOWS\system32\GDI32.dll
0x76b40000 - 0x76b6d000 	C:\WINDOWS\system32\WINMM.dll
0x6d310000 - 0x6d318000 	C:\Program Files\Java\jre1.6.0_02\bin\hpi.dll
0x76bf0000 - 0x76bfb000 	C:\WINDOWS\system32\PSAPI.DLL
0x6d770000 - 0x6d77c000 	C:\Program Files\Java\jre1.6.0_02\bin\verify.dll
0x6d3b0000 - 0x6d3cf000 	C:\Program Files\Java\jre1.6.0_02\bin\java.dll
0x6d7b0000 - 0x6d7bf000 	C:\Program Files\Java\jre1.6.0_02\bin\zip.dll
0x6d000000 - 0x6d1c3000 	C:\Program Files\Java\jre1.6.0_02\bin\awt.dll
0x73000000 - 0x73026000 	C:\WINDOWS\system32\WINSPOOL.DRV
0x77c10000 - 0x77c68000 	C:\WINDOWS\system32\msvcrt.dll
0x76390000 - 0x763ad000 	C:\WINDOWS\system32\IMM32.dll
0x774e0000 - 0x7761c000 	C:\WINDOWS\system32\ole32.dll
0x5ad70000 - 0x5ada8000 	C:\WINDOWS\system32\uxtheme.dll
0x73760000 - 0x737a9000 	C:\WINDOWS\system32\ddraw.dll
0x73bc0000 - 0x73bc6000 	C:\WINDOWS\system32\DCIMAN32.dll
0x74720000 - 0x7476b000 	C:\WINDOWS\system32\MSCTF.dll
0x7c9c0000 - 0x7d1d4000 	C:\WINDOWS\system32\shell32.dll
0x77f60000 - 0x77fd6000 	C:\WINDOWS\system32\SHLWAPI.dll
0x773d0000 - 0x774d2000 	C:\WINDOWS\WinSxS\x86_Microsoft.Windows.Common-Controls_6595b64144ccf1df_6.0.2600.2180_x-ww_a84f1ff9\comctl32.dll
0x5d090000 - 0x5d127000 	C:\WINDOWS\system32\comctl32.dll
0x6d2b0000 - 0x6d303000 	C:\Program Files\Java\jre1.6.0_02\bin\fontmanager.dll
0x77b40000 - 0x77b62000 	C:\WINDOWS\system32\Apphelp.dll
0x77c00000 - 0x77c08000 	C:\WINDOWS\system32\VERSION.dll
0x6d3f0000 - 0x6d3fd000 	C:\Program Files\Java\jre1.6.0_02\bin\JdbcOdbc.dll
0x74320000 - 0x7435d000 	C:\WINDOWS\system32\ODBC32.dll
0x763b0000 - 0x763f9000 	C:\WINDOWS\system32\comdlg32.dll
0x20000000 - 0x20017000 	C:\WINDOWS\system32\odbcint.dll
0x77120000 - 0x771ac000 	C:\WINDOWS\system32\OLEAUT32.dll
0x77fe0000 - 0x77ff1000 	C:\WINDOWS\system32\Secur32.dll
0x6d570000 - 0x6d583000 	C:\Program Files\Java\jre1.6.0_02\bin\net.dll
0x71ab0000 - 0x71ac7000 	C:\WINDOWS\system32\WS2_32.dll
0x71aa0000 - 0x71aa8000 	C:\WINDOWS\system32\WS2HELP.dll
0x71a50000 - 0x71a8f000 	C:\WINDOWS\System32\mswsock.dll
0x76f20000 - 0x76f47000 	C:\WINDOWS\system32\DNSAPI.dll
0x76d60000 - 0x76d79000 	C:\WINDOWS\system32\iphlpapi.dll
0x76fb0000 - 0x76fb8000 	C:\WINDOWS\System32\winrnr.dll
0x76f60000 - 0x76f8c000 	C:\WINDOWS\system32\WLDAP32.dll
0x76fc0000 - 0x76fc6000 	C:\WINDOWS\system32\rasadhlp.dll
0x6d590000 - 0x6d599000 	C:\Program Files\Java\jre1.6.0_02\bin\nio.dll
0x76fd0000 - 0x7704f000 	C:\WINDOWS\system32\CLBCATQ.DLL
0x77050000 - 0x77115000 	C:\WINDOWS\system32\COMRes.dll
0x1b810000 - 0x1b84a000 	C:\WINDOWS\system32\msjtes40.dll
0x0f9a0000 - 0x0f9ab000 	C:\WINDOWS\system32\VBAJET32.DLL
0x0f9c0000 - 0x0fa22000 	C:\WINDOWS\system32\expsrv.dll

VM Arguments:
java_command: LEFTDESIGN
Launcher Type: SUN_STANDARD

Environment Variables:
CLASSPATH=.;C:\Program Files\Java\jdk1.6.0_02\jre\lib\rt.jar
PATH=C:\WINDOWS\system32;C:\WINDOWS;C:\WINDOWS\System32\Wbem;C:\Program Files\Microsoft SQL Server\80\Tools\Binn\;C:\Program Files\Microsoft SQL Server\90\DTS\Binn\;C:\Program Files\Microsoft SQL Server\90\Tools\binn\;C:\Program Files\Microsoft SQL Server\90\Tools\Binn\VSShell\Common7\IDE\;C:\Program Files\Microsoft Visual Studio 8\Common7\IDE\PrivateAssemblies\;C:\Program Files\Java\jdk1.6.0_02\bin
USERNAME=Administrator
OS=Windows_NT
PROCESSOR_IDENTIFIER=x86 Family 15 Model 4 Stepping 9, GenuineIntel



---------------  S Y S T E M  ---------------

OS: Windows XP Build 2600 Service Pack 2

CPU:total 2 (1 cores per cpu, 2 threads per core) family 15 model 4 stepping 9, cmov, cx8, fxsr, mmx, sse, sse2, sse3, ht

Memory: 4k page, physical 456528k(104700k free), swap 1080424k(685828k free)

vm_info: Java HotSpot(TM) Client VM (1.6.0_02-b06) for windows-x86, built on Jul 12 2007 01:16:14 by "java_re" with unknown MS VC++:1310

